EESchema (20090216-final)  >> Creation date: Mon 23 Apr 2012 08:54:55 PM CEST

#Cmp ( order = Reference )
| C1         1000        
| C2         10uF        
| C3         0.1uF       
| C4         22p         
| C5         22p         
| C6         0.1uF       
| D1         1N4008      
| IC1        ATMEGA8-AI  
| K1         DS18B20     
| K2         TTL UART    
| P1         DC IN       
| P2         UI BOARD    
| P3         REL_IN      
| P4         DASA        
| Q1         BC547       
| R1         4k7         
| R2         10k         
| R3         4k7         
| R4         10k         
| U1         78L05       
| X1         7.3728MHz   
#End Cmp

#Cmp ( order = Value )
| 0.1uF        C3        
| 0.1uF        C6        
| 1000         C1        
| 10k          R2        
| 10k          R4        
| 10uF         C2        
| 1N4008       D1        
| 22p          C4        
| 22p          C5        
| 4k7          R1        
| 4k7          R3        
| 7.3728MHz    X1        
| 78L05        U1        
| ATMEGA8-AI   IC1       
| BC547        Q1        
| DASA         P4        
| DC IN        P1        
| DS18B20      K1        
| REL_IN       P3        
| TTL UART     K2        
| UI BOARD     P2        
#End Cmp

#End List
